0 info it worked if it ends with ok
1 verbose cli [ 'C:\\Program Files\\nodejs\\node.exe',
1 verbose cli   'C:\\Program Files\\nodejs\\node_modules\\npm\\bin\\npm-cli.js',
1 verbose cli   'run',
1 verbose cli   'release',
1 verbose cli   'minor' ]
2 info using npm@4.0.5
3 info using node@v7.4.0
4 verbose run-script [ 'prerelease', 'release', 'postrelease' ]
5 info lifecycle test-dev-tasks@0.0.0~prerelease: test-dev-tasks@0.0.0
6 silly lifecycle test-dev-tasks@0.0.0~prerelease: no script for prerelease, continuing
7 info lifecycle test-dev-tasks@0.0.0~release: test-dev-tasks@0.0.0
8 verbose lifecycle test-dev-tasks@0.0.0~release: unsafe-perm in lifecycle true
9 verbose lifecycle test-dev-tasks@0.0.0~release: PATH: C:\Users\Carter\AppData\Roaming\nvm\v7.4.0\node_modules\npm\bin\node-gyp-bin;C:\Users\Carter\xampp\htdocs\projects\test-dev-tasks\node_modules\.bin;C:\Users\Carter\bin;C:\Program Files\Git\mingw64\bin;C:\Program Files\Git\usr\local\bin;C:\Program Files\Git\usr\bin;C:\Program Files\Git\usr\bin;C:\Program Files\Git\mingw64\bin;C:\Program Files\Git\usr\bin;C:\Users\Carter\bin;C:\Python36\Scripts;C:\Python36;C:\Program Files\Microsoft MPI\Bin;C:\Python34;C:\Python34\Scripts;C:\Program Files (x86)\Common Files\Oracle\Java\javapath;C:\Ruby24-x64\bin;C:\Ruby23-x64\bin;C:\Python34;C:\Python34\Scripts;C:\Program Files (x86)\ActiveState Komodo IDE 9;C:\Program Files\Common Files\Microsoft Shared\Windows Live;C:\Program Files (x86)\Common Files\Microsoft Shared\Windows Live;C:\ProgramData\Oracle\Java\javapath;C:\Program Files (x86)\Intel\iCLS Client;C:\Program Files\Intel\iCLS Client;C:\Windows\system32;C:\Windows;C:\Windows\System32\Wbem;C:\Windows\System32\WindowsPowerShell\v1.0;C:\Program Files\Intel\Intel(R) Management Engine Components\DAL;C:\Program Files (x86)\Intel\Intel(R) Management Engine Components\DAL;C:\Program Files\Intel\Intel(R) Management Engine Components\IPT;C:\Program Files (x86)\Intel\Intel(R) Management Engine Components\IPT;C:\Program Files (x86)\Windows Live\Shared;C:\Program Files (x86)\OpenVPN\bin;C:\Program Files\OpenVPN\bin;C:\Program Files\TortoiseSVN\bin;C:\Program Files (x86)\Common Files\Intuit\QBPOSSDKRuntime;C:\Program Files (x86)\NVIDIA Corporation\PhysX\Common;C:\opscode\chefdk\bin;C:\HashiCorp\Vagrant\bin;C:\Windows\System32\WindowsPowerShell\v1.0;C:\Windows\System32\WindowsPowerShell\v1.0;C:\Users\Carter\AppData\Roaming\nvm;C:\Program Files\nodejs;C:\Windows\System32\WindowsPowerShell\v1.0;C:\Program Files\NVIDIA Corporation\NVIDIA NvDLISR;C:\Program Files\dotnet;C:\Program Files\Microsoft SQL Server\130\Tools\Binn;C:\Program Files (x86)\WinMerge;C:\Python34;C:\Python34\Scripts;C:\Program Files (x86)\ActiveState Komodo IDE 9;C:\Program Files\Common Files\Microsoft Shared\Windows Live;C:\Program Files (x86)\Common Files\Microsoft Shared\Windows Live;C:\ProgramData\Oracle\Java\javapath;C:\Program Files (x86)\Intel\iCLS Client;C:\Program Files\Intel\iCLS Client;C:\Windows\system32;C:\Windows;C:\Windows\System32\Wbem;C:\Windows\System32\WindowsPowerShell\v1.0;C:\Program Files\Intel\Intel(R) Management Engine Components\DAL;C:\Program Files (x86)\Intel\Intel(R) Management Engine Components\DAL;C:\Program Files\Intel\Intel(R) Management Engine Components\IPT;C:\Program Files (x86)\Intel\Intel(R) Management Engine Components\IPT;C:\Program Files (x86)\Windows Live\Shared;C:\Program Files (x86)\Skype\Phone;C:\Program Files (x86)\OpenVPN\bin;C:\Program Files\OpenVPN\bin;C:\Program Files\TortoiseSVN\bin;C:\Users\Carter\AppData\Roaming\Python\Scripts;C:\Program Files (x86)\Git\bin;C:\Users\Carter\.sdkman;C:\Users\Carter\AppData\Roaming\npm;C:\Program Files\Docker Toolbox;C:\Users\Carter\AppData\Roaming\nvm;C:\Program Files\nodejs;C:\Program Files\Git\usr\bin\vendor_perl;C:\Program Files\Git\usr\bin\core_perl
10 verbose lifecycle test-dev-tasks@0.0.0~release: CWD: C:\Users\Carter\xampp\htdocs\projects\test-dev-tasks
11 silly lifecycle test-dev-tasks@0.0.0~release: Args: [ '/d /s /c', 'gulp release "minor"' ]
12 silly lifecycle test-dev-tasks@0.0.0~release: Returned: code: 1  signal: null
13 info lifecycle test-dev-tasks@0.0.0~release: Failed to exec release script
14 verbose stack Error: test-dev-tasks@0.0.0 release: `gulp release "minor"`
14 verbose stack Exit status 1
14 verbose stack     at EventEmitter.<anonymous> (C:\Users\Carter\AppData\Roaming\nvm\v7.4.0\node_modules\npm\lib\utils\lifecycle.js:279:16)
14 verbose stack     at emitTwo (events.js:106:13)
14 verbose stack     at EventEmitter.emit (events.js:191:7)
14 verbose stack     at ChildProcess.<anonymous> (C:\Users\Carter\AppData\Roaming\nvm\v7.4.0\node_modules\npm\lib\utils\spawn.js:40:14)
14 verbose stack     at emitTwo (events.js:106:13)
14 verbose stack     at ChildProcess.emit (events.js:191:7)
14 verbose stack     at maybeClose (internal/child_process.js:885:16)
14 verbose stack     at Process.ChildProcess._handle.onexit (internal/child_process.js:226:5)
15 verbose pkgid test-dev-tasks@0.0.0
16 verbose cwd C:\Users\Carter\xampp\htdocs\projects\test-dev-tasks
17 error Windows_NT 6.1.7601
18 error argv "C:\\Program Files\\nodejs\\node.exe" "C:\\Program Files\\nodejs\\node_modules\\npm\\bin\\npm-cli.js" "run" "release" "minor"
19 error node v7.4.0
20 error npm  v4.0.5
21 error code ELIFECYCLE
22 error test-dev-tasks@0.0.0 release: `gulp release "minor"`
22 error Exit status 1
23 error Failed at the test-dev-tasks@0.0.0 release script 'gulp release "minor"'.
23 error Make sure you have the latest version of node.js and npm installed.
23 error If you do, this is most likely a problem with the test-dev-tasks package,
23 error not with npm itself.
23 error Tell the author that this fails on your system:
23 error     gulp release "minor"
23 error You can get information on how to open an issue for this project with:
23 error     npm bugs test-dev-tasks
23 error Or if that isn't available, you can get their info via:
23 error     npm owner ls test-dev-tasks
23 error There is likely additional logging output above.
24 verbose exit [ 1, true ]
